{"/Users/tonye/github/plongitudes/roanes-kitchen/frontend/src/components/Layout.jsx": {"path":"/Users/tonye/github/plongitudes/roanes-kitchen/frontend/src/components/Layout.jsx","statementMap":{"0":{"start":{"line":5,"column":15},"end":{"line":97,"column":null}},"1":{"start":{"line":6,"column":23},"end":{"line":6,"column":null}},"2":{"start":{"line":7,"column":30},"end":{"line":7,"column":null}},"3":{"start":{"line":8,"column":8},"end":{"line":8,"column":null}},"4":{"start":{"line":10,"column":23},"end":{"line":13,"column":null}},"5":{"start":{"line":11,"column":4},"end":{"line":11,"column":null}},"6":{"start":{"line":12,"column":4},"end":{"line":12,"column":null}},"7":{"start":{"line":15,"column":2},"end":{"line":17,"column":null}},"8":{"start":{"line":16,"column":4},"end":{"line":16,"column":null}},"9":{"start":{"line":19,"column":2},"end":{"line":95,"column":null}}},"fnMap":{"0":{"name":"(anonymous_0)","decl":{"start":{"line":5,"column":15},"end":{"line":5,"column":21}},"loc":{"start":{"line":5,"column":21},"end":{"line":97,"column":null}},"line":5},"1":{"name":"(anonymous_1)","decl":{"start":{"line":10,"column":23},"end":{"line":10,"column":29}},"loc":{"start":{"line":10,"column":29},"end":{"line":13,"column":null}},"line":10}},"branchMap":{"0":{"loc":{"start":{"line":15,"column":2},"end":{"line":17,"column":null}},"type":"if","locations":[{"start":{"line":15,"column":2},"end":{"line":17,"column":null}},{"start":{},"end":{}}],"line":15},"1":{"loc":{"start":{"line":77,"column":13},"end":{"line":77,"column":null}},"type":"cond-expr","locations":[{"start":{"line":77,"column":22},"end":{"line":77,"column":40}},{"start":{"line":77,"column":40},"end":{"line":77,"column":null}}],"line":77}},"s":{"0":1,"1":5,"2":5,"3":5,"4":5,"5":0,"6":0,"7":5,"8":0,"9":5},"f":{"0":5,"1":0},"b":{"0":[0,5],"1":[5,0]},"meta":{"lastBranch":2,"lastFunction":2,"lastStatement":10,"seen":{"s:5:15:97:Infinity":0,"f:5:15:5:21":0,"s:6:23:6:Infinity":1,"s:7:30:7:Infinity":2,"s:8:8:8:Infinity":3,"s:10:23:13:Infinity":4,"f:10:23:10:29":1,"s:11:4:11:Infinity":5,"s:12:4:12:Infinity":6,"b:15:2:17:Infinity:undefined:undefined:undefined:undefined":0,"s:15:2:17:Infinity":7,"s:16:4:16:Infinity":8,"s:19:2:95:Infinity":9,"b:77:22:77:40:77:40:77:Infinity":1}}}
,"/Users/tonye/github/plongitudes/roanes-kitchen/frontend/src/context/AuthContext.jsx": {"path":"/Users/tonye/github/plongitudes/roanes-kitchen/frontend/src/context/AuthContext.jsx","statementMap":{"0":{"start":{"line":4,"column":6},"end":{"line":4,"column":null}},"1":{"start":{"line":6,"column":23},"end":{"line":12,"column":null}},"2":{"start":{"line":7,"column":8},"end":{"line":7,"column":null}},"3":{"start":{"line":8,"column":2},"end":{"line":10,"column":null}},"4":{"start":{"line":9,"column":4},"end":{"line":9,"column":null}},"5":{"start":{"line":11,"column":2},"end":{"line":11,"column":null}},"6":{"start":{"line":14,"column":28},"end":{"line":76,"column":null}},"7":{"start":{"line":15,"column":22},"end":{"line":15,"column":null}},"8":{"start":{"line":16,"column":28},"end":{"line":16,"column":null}},"9":{"start":{"line":18,"column":2},"end":{"line":20,"column":null}},"10":{"start":{"line":19,"column":4},"end":{"line":19,"column":null}},"11":{"start":{"line":22,"column":20},"end":{"line":34,"column":null}},"12":{"start":{"line":23,"column":18},"end":{"line":23,"column":null}},"13":{"start":{"line":24,"column":4},"end":{"line":32,"column":null}},"14":{"start":{"line":25,"column":6},"end":{"line":31,"column":null}},"15":{"start":{"line":26,"column":25},"end":{"line":26,"column":null}},"16":{"start":{"line":27,"column":8},"end":{"line":27,"column":null}},"17":{"start":{"line":29,"column":8},"end":{"line":29,"column":null}},"18":{"start":{"line":30,"column":8},"end":{"line":30,"column":null}},"19":{"start":{"line":33,"column":4},"end":{"line":33,"column":null}},"20":{"start":{"line":36,"column":16},"end":{"line":52,"column":null}},"21":{"start":{"line":37,"column":4},"end":{"line":51,"column":null}},"22":{"start":{"line":38,"column":23},"end":{"line":38,"column":null}},"23":{"start":{"line":39,"column":31},"end":{"line":39,"column":null}},"24":{"start":{"line":40,"column":6},"end":{"line":40,"column":null}},"25":{"start":{"line":42,"column":27},"end":{"line":42,"column":null}},"26":{"start":{"line":43,"column":6},"end":{"line":43,"column":null}},"27":{"start":{"line":45,"column":6},"end":{"line":45,"column":null}},"28":{"start":{"line":47,"column":6},"end":{"line":50,"column":null}},"29":{"start":{"line":54,"column":19},"end":{"line":64,"column":null}},"30":{"start":{"line":55,"column":4},"end":{"line":63,"column":null}},"31":{"start":{"line":56,"column":6},"end":{"line":56,"column":null}},"32":{"start":{"line":57,"column":6},"end":{"line":57,"column":null}},"33":{"start":{"line":59,"column":6},"end":{"line":62,"column":null}},"34":{"start":{"line":66,"column":17},"end":{"line":69,"column":null}},"35":{"start":{"line":67,"column":4},"end":{"line":67,"column":null}},"36":{"start":{"line":68,"column":4},"end":{"line":68,"column":null}},"37":{"start":{"line":71,"column":2},"end":{"line":74,"column":null}}},"fnMap":{"0":{"name":"(anonymous_0)","decl":{"start":{"line":6,"column":23},"end":{"line":6,"column":29}},"loc":{"start":{"line":6,"column":29},"end":{"line":12,"column":null}},"line":6},"1":{"name":"(anonymous_1)","decl":{"start":{"line":14,"column":28},"end":{"line":14,"column":29}},"loc":{"start":{"line":14,"column":46},"end":{"line":76,"column":null}},"line":14},"2":{"name":"(anonymous_2)","decl":{"start":{"line":18,"column":12},"end":{"line":18,"column":18}},"loc":{"start":{"line":18,"column":18},"end":{"line":20,"column":5}},"line":18},"3":{"name":"(anonymous_3)","decl":{"start":{"line":22,"column":20},"end":{"line":22,"column":32}},"loc":{"start":{"line":22,"column":32},"end":{"line":34,"column":null}},"line":22},"4":{"name":"(anonymous_4)","decl":{"start":{"line":36,"column":16},"end":{"line":36,"column":23}},"loc":{"start":{"line":36,"column":46},"end":{"line":52,"column":null}},"line":36},"5":{"name":"(anonymous_5)","decl":{"start":{"line":54,"column":19},"end":{"line":54,"column":26}},"loc":{"start":{"line":54,"column":49},"end":{"line":64,"column":null}},"line":54},"6":{"name":"(anonymous_6)","decl":{"start":{"line":66,"column":17},"end":{"line":66,"column":23}},"loc":{"start":{"line":66,"column":23},"end":{"line":69,"column":null}},"line":66}},"branchMap":{"0":{"loc":{"start":{"line":8,"column":2},"end":{"line":10,"column":null}},"type":"if","locations":[{"start":{"line":8,"column":2},"end":{"line":10,"column":null}},{"start":{},"end":{}}],"line":8},"1":{"loc":{"start":{"line":24,"column":4},"end":{"line":32,"column":null}},"type":"if","locations":[{"start":{"line":24,"column":4},"end":{"line":32,"column":null}},{"start":{},"end":{}}],"line":24},"2":{"loc":{"start":{"line":49,"column":15},"end":{"line":49,"column":null}},"type":"binary-expr","locations":[{"start":{"line":49,"column":15},"end":{"line":49,"column":47}},{"start":{"line":49,"column":47},"end":{"line":49,"column":null}}],"line":49},"3":{"loc":{"start":{"line":61,"column":15},"end":{"line":61,"column":null}},"type":"binary-expr","locations":[{"start":{"line":61,"column":15},"end":{"line":61,"column":47}},{"start":{"line":61,"column":47},"end":{"line":61,"column":null}}],"line":61}},"s":{"0":2,"1":2,"2":17,"3":17,"4":2,"5":15,"6":2,"7":15,"8":15,"9":15,"10":6,"11":15,"12":6,"13":6,"14":2,"15":2,"16":2,"17":0,"18":0,"19":6,"20":15,"21":3,"22":3,"23":2,"24":2,"25":2,"26":2,"27":2,"28":1,"29":15,"30":1,"31":1,"32":1,"33":0,"34":15,"35":1,"36":1,"37":15},"f":{"0":17,"1":15,"2":6,"3":6,"4":3,"5":1,"6":1},"b":{"0":[2,15],"1":[2,4],"2":[1,0],"3":[0,0]},"meta":{"lastBranch":4,"lastFunction":7,"lastStatement":38,"seen":{"s:4:6:4:Infinity":0,"s:6:23:12:Infinity":1,"f:6:23:6:29":0,"s:7:8:7:Infinity":2,"b:8:2:10:Infinity:undefined:undefined:undefined:undefined":0,"s:8:2:10:Infinity":3,"s:9:4:9:Infinity":4,"s:11:2:11:Infinity":5,"s:14:28:76:Infinity":6,"f:14:28:14:29":1,"s:15:22:15:Infinity":7,"s:16:28:16:Infinity":8,"s:18:2:20:Infinity":9,"f:18:12:18:18":2,"s:19:4:19:Infinity":10,"s:22:20:34:Infinity":11,"f:22:20:22:32":3,"s:23:18:23:Infinity":12,"b:24:4:32:Infinity:undefined:undefined:undefined:undefined":1,"s:24:4:32:Infinity":13,"s:25:6:31:Infinity":14,"s:26:25:26:Infinity":15,"s:27:8:27:Infinity":16,"s:29:8:29:Infinity":17,"s:30:8:30:Infinity":18,"s:33:4:33:Infinity":19,"s:36:16:52:Infinity":20,"f:36:16:36:23":4,"s:37:4:51:Infinity":21,"s:38:23:38:Infinity":22,"s:39:31:39:Infinity":23,"s:40:6:40:Infinity":24,"s:42:27:42:Infinity":25,"s:43:6:43:Infinity":26,"s:45:6:45:Infinity":27,"s:47:6:50:Infinity":28,"b:49:15:49:47:49:47:49:Infinity":2,"s:54:19:64:Infinity":29,"f:54:19:54:26":5,"s:55:4:63:Infinity":30,"s:56:6:56:Infinity":31,"s:57:6:57:Infinity":32,"s:59:6:62:Infinity":33,"b:61:15:61:47:61:47:61:Infinity":3,"s:66:17:69:Infinity":34,"f:66:17:66:23":6,"s:67:4:67:Infinity":35,"s:68:4:68:Infinity":36,"s:71:2:74:Infinity":37}}}
,"/Users/tonye/github/plongitudes/roanes-kitchen/frontend/src/context/ThemeContext.jsx": {"path":"/Users/tonye/github/plongitudes/roanes-kitchen/frontend/src/context/ThemeContext.jsx","statementMap":{"0":{"start":{"line":3,"column":6},"end":{"line":3,"column":null}},"1":{"start":{"line":5,"column":24},"end":{"line":11,"column":null}},"2":{"start":{"line":6,"column":8},"end":{"line":6,"column":null}},"3":{"start":{"line":7,"column":2},"end":{"line":9,"column":null}},"4":{"start":{"line":8,"column":4},"end":{"line":8,"column":null}},"5":{"start":{"line":10,"column":2},"end":{"line":10,"column":null}},"6":{"start":{"line":13,"column":29},"end":{"line":39,"column":null}},"7":{"start":{"line":14,"column":26},"end":{"line":17,"column":null}},"8":{"start":{"line":15,"column":18},"end":{"line":15,"column":null}},"9":{"start":{"line":16,"column":4},"end":{"line":16,"column":null}},"10":{"start":{"line":19,"column":2},"end":{"line":28,"column":null}},"11":{"start":{"line":20,"column":4},"end":{"line":26,"column":null}},"12":{"start":{"line":21,"column":6},"end":{"line":21,"column":null}},"13":{"start":{"line":22,"column":6},"end":{"line":22,"column":null}},"14":{"start":{"line":24,"column":6},"end":{"line":24,"column":null}},"15":{"start":{"line":25,"column":6},"end":{"line":25,"column":null}},"16":{"start":{"line":27,"column":4},"end":{"line":27,"column":null}},"17":{"start":{"line":30,"column":22},"end":{"line":32,"column":null}},"18":{"start":{"line":31,"column":4},"end":{"line":31,"column":null}},"19":{"start":{"line":31,"column":24},"end":{"line":31,"column":29}},"20":{"start":{"line":34,"column":2},"end":{"line":37,"column":null}}},"fnMap":{"0":{"name":"(anonymous_0)","decl":{"start":{"line":5,"column":24},"end":{"line":5,"column":30}},"loc":{"start":{"line":5,"column":30},"end":{"line":11,"column":null}},"line":5},"1":{"name":"(anonymous_1)","decl":{"start":{"line":13,"column":29},"end":{"line":13,"column":30}},"loc":{"start":{"line":13,"column":47},"end":{"line":39,"column":null}},"line":13},"2":{"name":"(anonymous_2)","decl":{"start":{"line":14,"column":39},"end":{"line":14,"column":45}},"loc":{"start":{"line":14,"column":45},"end":{"line":17,"column":3}},"line":14},"3":{"name":"(anonymous_3)","decl":{"start":{"line":19,"column":12},"end":{"line":19,"column":18}},"loc":{"start":{"line":19,"column":18},"end":{"line":28,"column":5}},"line":19},"4":{"name":"(anonymous_4)","decl":{"start":{"line":30,"column":22},"end":{"line":30,"column":28}},"loc":{"start":{"line":30,"column":28},"end":{"line":32,"column":null}},"line":30},"5":{"name":"(anonymous_5)","decl":{"start":{"line":31,"column":14},"end":{"line":31,"column":15}},"loc":{"start":{"line":31,"column":24},"end":{"line":31,"column":29}},"line":31}},"branchMap":{"0":{"loc":{"start":{"line":7,"column":2},"end":{"line":9,"column":null}},"type":"if","locations":[{"start":{"line":7,"column":2},"end":{"line":9,"column":null}},{"start":{},"end":{}}],"line":7},"1":{"loc":{"start":{"line":16,"column":11},"end":{"line":16,"column":null}},"type":"cond-expr","locations":[{"start":{"line":16,"column":19},"end":{"line":16,"column":38}},{"start":{"line":16,"column":38},"end":{"line":16,"column":null}}],"line":16},"2":{"loc":{"start":{"line":20,"column":4},"end":{"line":26,"column":null}},"type":"if","locations":[{"start":{"line":20,"column":4},"end":{"line":26,"column":null}},{"start":{"line":23,"column":11},"end":{"line":26,"column":null}}],"line":20},"3":{"loc":{"start":{"line":27,"column":34},"end":{"line":27,"column":59}},"type":"cond-expr","locations":[{"start":{"line":27,"column":43},"end":{"line":27,"column":52}},{"start":{"line":27,"column":52},"end":{"line":27,"column":59}}],"line":27}},"s":{"0":2,"1":2,"2":12,"3":12,"4":2,"5":10,"6":2,"7":10,"8":6,"9":6,"10":10,"11":10,"12":6,"13":6,"14":4,"15":4,"16":10,"17":10,"18":4,"19":4,"20":10},"f":{"0":12,"1":10,"2":6,"3":10,"4":4,"5":4},"b":{"0":[2,10],"1":[1,5],"2":[6,4],"3":[6,4]},"meta":{"lastBranch":4,"lastFunction":6,"lastStatement":21,"seen":{"s:3:6:3:Infinity":0,"s:5:24:11:Infinity":1,"f:5:24:5:30":0,"s:6:8:6:Infinity":2,"b:7:2:9:Infinity:undefined:undefined:undefined:undefined":0,"s:7:2:9:Infinity":3,"s:8:4:8:Infinity":4,"s:10:2:10:Infinity":5,"s:13:29:39:Infinity":6,"f:13:29:13:30":1,"s:14:26:17:Infinity":7,"f:14:39:14:45":2,"s:15:18:15:Infinity":8,"s:16:4:16:Infinity":9,"b:16:19:16:38:16:38:16:Infinity":1,"s:19:2:28:Infinity":10,"f:19:12:19:18":3,"b:20:4:26:Infinity:23:11:26:Infinity":2,"s:20:4:26:Infinity":11,"s:21:6:21:Infinity":12,"s:22:6:22:Infinity":13,"s:24:6:24:Infinity":14,"s:25:6:25:Infinity":15,"s:27:4:27:Infinity":16,"b:27:43:27:52:27:52:27:59":3,"s:30:22:32:Infinity":17,"f:30:22:30:28":4,"s:31:4:31:Infinity":18,"f:31:14:31:15":5,"s:31:24:31:29":19,"s:34:2:37:Infinity":20}}}
,"/Users/tonye/github/plongitudes/roanes-kitchen/frontend/src/pages/Home.jsx": {"path":"/Users/tonye/github/plongitudes/roanes-kitchen/frontend/src/pages/Home.jsx","statementMap":{"0":{"start":{"line":1,"column":13},"end":{"line":24,"column":null}},"1":{"start":{"line":2,"column":2},"end":{"line":22,"column":null}}},"fnMap":{"0":{"name":"(anonymous_0)","decl":{"start":{"line":1,"column":13},"end":{"line":1,"column":19}},"loc":{"start":{"line":1,"column":19},"end":{"line":24,"column":null}},"line":1}},"branchMap":{},"s":{"0":1,"1":4},"f":{"0":4},"b":{},"meta":{"lastBranch":0,"lastFunction":1,"lastStatement":2,"seen":{"s:1:13:24:Infinity":0,"f:1:13:1:19":0,"s:2:2:22:Infinity":1}}}
}
